
*** Running vivado
    with args -log The_DES.vdi -applog -m64 -product Vivado -messageDb vivado.pb -mode batch -source The_DES.tcl -notrace



****** Vivado v2022.2 (64-bit)
  **** SW Build 3671981 on Fri Oct 14 05:00:03 MDT 2022
  **** IP Build 3669848 on Fri Oct 14 08:30:02 MDT 2022
    ** Copyright 1986-2022 Xilinx, Inc. All Rights Reserved.

source The_DES.tcl -notrace
create_project: Time (s): cpu = 00:00:13 ; elapsed = 00:00:14 . Memory (MB): peak = 431.070 ; gain = 80.852
Command: link_design -top The_DES -part xc7s100fgga676-2
Design is defaulting to srcset: sources_1
Design is defaulting to constrset: constrs_1
INFO: [Device 21-403] Loading part xc7s100fgga676-2
Netlist sorting complete. Time (s): cpu = 00:00:00 ; elapsed = 00:00:00.107 . Memory (MB): peak = 836.441 ; gain = 0.000
INFO: [Project 1-479] Netlist was created with Vivado 2022.2
INFO: [Project 1-570] Preparing netlist for logic optimization
Netlist sorting complete. Time (s): cpu = 00:00:00 ; elapsed = 00:00:00.002 . Memory (MB): peak = 936.371 ; gain = 0.000
INFO: [Project 1-111] Unisim Transformation Summary:
No Unisim elements were transformed.

4 Infos, 0 Warnings, 0 Critical Warnings and 0 Errors encountered.
link_design completed successfully
link_design: Time (s): cpu = 00:00:09 ; elapsed = 00:00:34 . Memory (MB): peak = 965.262 ; gain = 529.316
Command: opt_design
Attempting to get a license for feature 'Implementation' and/or device 'xc7s100'
INFO: [Common 17-349] Got license for feature 'Implementation' and/or device 'xc7s100'
Running DRC as a precondition to command opt_design

Starting DRC Task
INFO: [DRC 23-27] Running DRC with 2 threads
INFO: [Project 1-461] DRC finished with 0 Errors
INFO: [Project 1-462] Please refer to the DRC report (report_drc) for more information.

Time (s): cpu = 00:00:04 ; elapsed = 00:00:03 . Memory (MB): peak = 989.188 ; gain = 23.926

Starting Cache Timing Information Task
INFO: [Timing 38-35] Done setting XDC timing constraints.
Ending Cache Timing Information Task | Checksum: 986abedf

Time (s): cpu = 00:00:17 ; elapsed = 00:00:19 . Memory (MB): peak = 1452.703 ; gain = 463.516

Starting Logic Optimization Task

Phase 1 Retarget
INFO: [Opt 31-138] Pushed 0 inverter(s) to 0 load pin(s).
INFO: [Opt 31-49] Retargeted 0 cell(s).
Phase 1 Retarget | Checksum: 986abedf

Time (s): cpu = 00:00:00 ; elapsed = 00:00:00.323 . Memory (MB): peak = 1791.500 ; gain = 0.000
INFO: [Opt 31-389] Phase Retarget created 0 cells and removed 0 cells

Phase 2 Constant propagation
INFO: [Opt 31-138] Pushed 0 inverter(s) to 0 load pin(s).
Phase 2 Constant propagation | Checksum: 986abedf

Time (s): cpu = 00:00:00 ; elapsed = 00:00:00.383 . Memory (MB): peak = 1791.500 ; gain = 0.000
INFO: [Opt 31-389] Phase Constant propagation created 0 cells and removed 0 cells

Phase 3 Sweep
Phase 3 Sweep | Checksum: 128df73b5

Time (s): cpu = 00:00:01 ; elapsed = 00:00:00.466 . Memory (MB): peak = 1791.500 ; gain = 0.000
INFO: [Opt 31-389] Phase Sweep created 48 cells and removed 0 cells

Phase 4 BUFG optimization
Phase 4 BUFG optimization | Checksum: 128df73b5

Time (s): cpu = 00:00:01 ; elapsed = 00:00:00.585 . Memory (MB): peak = 1791.500 ; gain = 0.000
INFO: [Opt 31-662] Phase BUFG optimization created 0 cells of which 0 are BUFGs and removed 0 cells.

Phase 5 Shift Register Optimization
INFO: [Opt 31-1064] SRL Remap converted 0 SRLs to 0 registers and converted 0 registers of register chains to 0 SRLs
Phase 5 Shift Register Optimization | Checksum: 128df73b5

Time (s): cpu = 00:00:01 ; elapsed = 00:00:00.624 . Memory (MB): peak = 1791.500 ; gain = 0.000
INFO: [Opt 31-389] Phase Shift Register Optimization created 0 cells and removed 0 cells

Phase 6 Post Processing Netlist
Phase 6 Post Processing Netlist | Checksum: 128df73b5

Time (s): cpu = 00:00:01 ; elapsed = 00:00:00.647 . Memory (MB): peak = 1791.500 ; gain = 0.000
INFO: [Opt 31-389] Phase Post Processing Netlist created 0 cells and removed 0 cells
Opt_design Change Summary
=========================


-------------------------------------------------------------------------------------------------------------------------
|  Phase                        |  #Cells created  |  #Cells Removed  |  #Constrained objects preventing optimizations  |
-------------------------------------------------------------------------------------------------------------------------
|  Retarget                     |               0  |               0  |                                              0  |
|  Constant propagation         |               0  |               0  |                                              0  |
|  Sweep                        |              48  |               0  |                                              0  |
|  BUFG optimization            |               0  |               0  |                                              0  |
|  Shift Register Optimization  |               0  |               0  |                                              0  |
|  Post Processing Netlist      |               0  |               0  |                                              0  |
-------------------------------------------------------------------------------------------------------------------------



Starting Connectivity Check Task

Time (s): cpu = 00:00:00 ; elapsed = 00:00:00.010 . Memory (MB): peak = 1791.500 ; gain = 0.000
Ending Logic Optimization Task | Checksum: dc2619f0

Time (s): cpu = 00:00:01 ; elapsed = 00:00:00.704 . Memory (MB): peak = 1791.500 ; gain = 0.000

Starting Power Optimization Task
INFO: [Pwropt 34-132] Skipping clock gating for clocks with a period < 2.00 ns.
Ending Power Optimization Task | Checksum: dc2619f0

Time (s): cpu = 00:00:00 ; elapsed = 00:00:00.033 . Memory (MB): peak = 1791.500 ; gain = 0.000

Starting Final Cleanup Task
Ending Final Cleanup Task | Checksum: dc2619f0

Time (s): cpu = 00:00:00 ; elapsed = 00:00:00.001 . Memory (MB): peak = 1791.500 ; gain = 0.000

Starting Netlist Obfuscation Task
Netlist sorting complete. Time (s): cpu = 00:00:00 ; elapsed = 00:00:00.002 . Memory (MB): peak = 1791.500 ; gain = 0.000
Ending Netlist Obfuscation Task | Checksum: dc2619f0

Time (s): cpu = 00:00:00 ; elapsed = 00:00:00.004 . Memory (MB): peak = 1791.500 ; gain = 0.000
INFO: [Common 17-83] Releasing license: Implementation
21 Infos, 0 Warnings, 0 Critical Warnings and 0 Errors encountered.
opt_design completed successfully
opt_design: Time (s): cpu = 00:00:26 ; elapsed = 00:00:28 . Memory (MB): peak = 1791.500 ; gain = 826.238
INFO: [Common 17-1381] The checkpoint 'C:/Users/sarth/Documents/IHI_proj/The_DES/The_DES.runs/impl_1/The_DES_opt.dcp' has been generated.
INFO: [runtcl-4] Executing : report_drc -file The_DES_drc_opted.rpt -pb The_DES_drc_opted.pb -rpx The_DES_drc_opted.rpx
Command: report_drc -file The_DES_drc_opted.rpt -pb The_DES_drc_opted.pb -rpx The_DES_drc_opted.rpx
INFO: [IP_Flow 19-234] Refreshing IP repositories
INFO: [IP_Flow 19-1704] No user IP repositories specified
INFO: [IP_Flow 19-2313] Loaded Vivado IP repository 'C:/Xilinx/Vivado/2022.2/data/ip'.
INFO: [DRC 23-27] Running DRC with 2 threads
INFO: [Vivado_Tcl 2-168] The results of DRC are in file C:/Users/sarth/Documents/IHI_proj/The_DES/The_DES.runs/impl_1/The_DES_drc_opted.rpt.
report_drc completed successfully
Command: place_design
Attempting to get a license for feature 'Implementation' and/or device 'xc7s100'
INFO: [Common 17-349] Got license for feature 'Implementation' and/or device 'xc7s100'
INFO: [DRC 23-27] Running DRC with 2 threads
INFO: [Vivado_Tcl 4-198] DRC finished with 0 Errors
INFO: [Vivado_Tcl 4-199] Please refer to the DRC report (report_drc) for more information.
Running DRC as a precondition to command place_design
INFO: [DRC 23-27] Running DRC with 2 threads
INFO: [Vivado_Tcl 4-198] DRC finished with 0 Errors
INFO: [Vivado_Tcl 4-199] Please refer to the DRC report (report_drc) for more information.

Starting Placer Task
INFO: [Place 30-611] Multithreading enabled for place_design using a maximum of 2 CPUs

Phase 1 Placer Initialization

Phase 1.1 Placer Initialization Netlist Sorting
Netlist sorting complete. Time (s): cpu = 00:00:00 ; elapsed = 00:00:00.003 . Memory (MB): peak = 1791.500 ; gain = 0.000
Phase 1.1 Placer Initialization Netlist Sorting | Checksum: 466cff98

Time (s): cpu = 00:00:00 ; elapsed = 00:00:00.033 . Memory (MB): peak = 1791.500 ; gain = 0.000
Netlist sorting complete. Time (s): cpu = 00:00:00 ; elapsed = 00:00:00.003 . Memory (MB): peak = 1791.500 ; gain = 0.000

Phase 1.2 IO Placement/ Clock Placement/ Build Placer Device
INFO: [Timing 38-35] Done setting XDC timing constraints.
Phase 1.2 IO Placement/ Clock Placement/ Build Placer Device | Checksum: 3e86d619

Time (s): cpu = 00:00:06 ; elapsed = 00:00:04 . Memory (MB): peak = 1791.500 ; gain = 0.000

Phase 1.3 Build Placer Netlist Model
Phase 1.3 Build Placer Netlist Model | Checksum: 9ef34e2f

Time (s): cpu = 00:00:06 ; elapsed = 00:00:04 . Memory (MB): peak = 1791.500 ; gain = 0.000

Phase 1.4 Constrain Clocks/Macros
Phase 1.4 Constrain Clocks/Macros | Checksum: 9ef34e2f

Time (s): cpu = 00:00:06 ; elapsed = 00:00:04 . Memory (MB): peak = 1791.500 ; gain = 0.000
Phase 1 Placer Initialization | Checksum: 9ef34e2f

Time (s): cpu = 00:00:06 ; elapsed = 00:00:04 . Memory (MB): peak = 1791.500 ; gain = 0.000

Phase 2 Global Placement

Phase 2.1 Floorplanning
Phase 2.1 Floorplanning | Checksum: 9ef34e2f

Time (s): cpu = 00:00:06 ; elapsed = 00:00:04 . Memory (MB): peak = 1791.500 ; gain = 0.000

Phase 2.2 Update Timing before SLR Path Opt
Phase 2.2 Update Timing before SLR Path Opt | Checksum: 9ef34e2f

Time (s): cpu = 00:00:06 ; elapsed = 00:00:04 . Memory (MB): peak = 1791.500 ; gain = 0.000

Phase 2.3 Post-Processing in Floorplanning
Phase 2.3 Post-Processing in Floorplanning | Checksum: 9ef34e2f

Time (s): cpu = 00:00:06 ; elapsed = 00:00:04 . Memory (MB): peak = 1791.500 ; gain = 0.000

Phase 2.4 Global Placement Core
WARNING: [Place 46-29] Timing had been disabled during Placer and, therefore, physical synthesis in Placer will be skipped.
Phase 2.4 Global Placement Core | Checksum: 5e791ec5

Time (s): cpu = 00:00:11 ; elapsed = 00:00:07 . Memory (MB): peak = 1791.500 ; gain = 0.000
Phase 2 Global Placement | Checksum: 5e791ec5

Time (s): cpu = 00:00:11 ; elapsed = 00:00:08 . Memory (MB): peak = 1791.500 ; gain = 0.000

Phase 3 Detail Placement

Phase 3.1 Commit Multi Column Macros
Phase 3.1 Commit Multi Column Macros | Checksum: 5e791ec5

Time (s): cpu = 00:00:11 ; elapsed = 00:00:08 . Memory (MB): peak = 1791.500 ; gain = 0.000

Phase 3.2 Commit Most Macros & LUTRAMs
Phase 3.2 Commit Most Macros & LUTRAMs | Checksum: 9ffdca58

Time (s): cpu = 00:00:12 ; elapsed = 00:00:08 . Memory (MB): peak = 1791.500 ; gain = 0.000

Phase 3.3 Area Swap Optimization
Phase 3.3 Area Swap Optimization | Checksum: 11f980445

Time (s): cpu = 00:00:12 ; elapsed = 00:00:08 . Memory (MB): peak = 1791.500 ; gain = 0.000

Phase 3.4 Pipeline Register Optimization
Phase 3.4 Pipeline Register Optimization | Checksum: 10f4b0020

Time (s): cpu = 00:00:12 ; elapsed = 00:00:08 . Memory (MB): peak = 1791.500 ; gain = 0.000

Phase 3.5 Small Shape Detail Placement
Phase 3.5 Small Shape Detail Placement | Checksum: 105caa974

Time (s): cpu = 00:00:14 ; elapsed = 00:00:10 . Memory (MB): peak = 1791.500 ; gain = 0.000

Phase 3.6 Re-assign LUT pins
Phase 3.6 Re-assign LUT pins | Checksum: 105caa974

Time (s): cpu = 00:00:14 ; elapsed = 00:00:10 . Memory (MB): peak = 1791.500 ; gain = 0.000

Phase 3.7 Pipeline Register Optimization
Phase 3.7 Pipeline Register Optimization | Checksum: 144a2fd86

Time (s): cpu = 00:00:14 ; elapsed = 00:00:10 . Memory (MB): peak = 1791.500 ; gain = 0.000
Phase 3 Detail Placement | Checksum: 144a2fd86

Time (s): cpu = 00:00:14 ; elapsed = 00:00:10 . Memory (MB): peak = 1791.500 ; gain = 0.000

Phase 4 Post Placement Optimization and Clean-Up

Phase 4.1 Post Commit Optimization
Phase 4.1 Post Commit Optimization | Checksum: 144a2fd86

Time (s): cpu = 00:00:14 ; elapsed = 00:00:11 . Memory (MB): peak = 1791.500 ; gain = 0.000

Phase 4.2 Post Placement Cleanup
Phase 4.2 Post Placement Cleanup | Checksum: 144a2fd86

Time (s): cpu = 00:00:14 ; elapsed = 00:00:11 . Memory (MB): peak = 1791.500 ; gain = 0.000

Phase 4.3 Placer Reporting

Phase 4.3.1 Print Estimated Congestion
INFO: [Place 30-612] Post-Placement Estimated Congestion 
 ____________________________________________________
|           | Global Congestion | Short Congestion  |
| Direction | Region Size       | Region Size       |
|___________|___________________|___________________|
|      North|                1x1|                2x2|
|___________|___________________|___________________|
|      South|                1x1|                1x1|
|___________|___________________|___________________|
|       East|                1x1|                1x1|
|___________|___________________|___________________|
|       West|                1x1|                1x1|
|___________|___________________|___________________|

Phase 4.3.1 Print Estimated Congestion | Checksum: 144a2fd86

Time (s): cpu = 00:00:14 ; elapsed = 00:00:11 . Memory (MB): peak = 1791.500 ; gain = 0.000
Phase 4.3 Placer Reporting | Checksum: 144a2fd86

Time (s): cpu = 00:00:15 ; elapsed = 00:00:11 . Memory (MB): peak = 1791.500 ; gain = 0.000

Phase 4.4 Final Placement Cleanup
Netlist sorting complete. Time (s): cpu = 00:00:00 ; elapsed = 00:00:00.003 . Memory (MB): peak = 1791.500 ; gain = 0.000

Time (s): cpu = 00:00:15 ; elapsed = 00:00:11 . Memory (MB): peak = 1791.500 ; gain = 0.000
Phase 4 Post Placement Optimization and Clean-Up | Checksum: 178e388ef

Time (s): cpu = 00:00:15 ; elapsed = 00:00:11 . Memory (MB): peak = 1791.500 ; gain = 0.000
Ending Placer Task | Checksum: 91e7ddd4

Time (s): cpu = 00:00:15 ; elapsed = 00:00:11 . Memory (MB): peak = 1791.500 ; gain = 0.000
INFO: [Common 17-83] Releasing license: Implementation
39 Infos, 1 Warnings, 0 Critical Warnings and 0 Errors encountered.
place_design completed successfully
place_design: Time (s): cpu = 00:00:18 ; elapsed = 00:00:13 . Memory (MB): peak = 1791.500 ; gain = 0.000
Writing XDEF routing.
Writing XDEF routing logical nets.
Writing XDEF routing special nets.
Write XDEF Complete: Time (s): cpu = 00:00:02 ; elapsed = 00:00:01 . Memory (MB): peak = 1798.543 ; gain = 7.043
INFO: [Common 17-1381] The checkpoint 'C:/Users/sarth/Documents/IHI_proj/The_DES/The_DES.runs/impl_1/The_DES_placed.dcp' has been generated.
INFO: [runtcl-4] Executing : report_io -file The_DES_io_placed.rpt
report_io: Time (s): cpu = 00:00:00 ; elapsed = 00:00:00.211 . Memory (MB): peak = 1798.543 ; gain = 0.000
INFO: [runtcl-4] Executing : report_utilization -file The_DES_utilization_placed.rpt -pb The_DES_utilization_placed.pb
INFO: [runtcl-4] Executing : report_control_sets -verbose -file The_DES_control_sets_placed.rpt
report_control_sets: Time (s): cpu = 00:00:00 ; elapsed = 00:00:00.016 . Memory (MB): peak = 1798.543 ; gain = 0.000
Command: phys_opt_design
Attempting to get a license for feature 'Implementation' and/or device 'xc7s100'
INFO: [Common 17-349] Got license for feature 'Implementation' and/or device 'xc7s100'

Starting Initial Update Timing Task

Time (s): cpu = 00:00:01 ; elapsed = 00:00:00.510 . Memory (MB): peak = 1809.637 ; gain = 11.094
INFO: [Vivado_Tcl 4-235] No timing constraint found. The netlist was not modified.
INFO: [Common 17-83] Releasing license: Implementation
46 Infos, 1 Warnings, 0 Critical Warnings and 0 Errors encountered.
phys_opt_design completed successfully
Writing XDEF routing.
Writing XDEF routing logical nets.
Writing XDEF routing special nets.
Write XDEF Complete: Time (s): cpu = 00:00:02 ; elapsed = 00:00:00.681 . Memory (MB): peak = 1827.547 ; gain = 17.910
INFO: [Common 17-1381] The checkpoint 'C:/Users/sarth/Documents/IHI_proj/The_DES/The_DES.runs/impl_1/The_DES_physopt.dcp' has been generated.
Command: route_design
Attempting to get a license for feature 'Implementation' and/or device 'xc7s100'
INFO: [Common 17-349] Got license for feature 'Implementation' and/or device 'xc7s100'
Running DRC as a precondition to command route_design
INFO: [DRC 23-27] Running DRC with 2 threads
INFO: [Vivado_Tcl 4-198] DRC finished with 0 Errors
INFO: [Vivado_Tcl 4-199] Please refer to the DRC report (report_drc) for more information.


Starting Routing Task
INFO: [Route 35-254] Multithreading enabled for route_design using a maximum of 2 CPUs

Phase 1 Build RT Design
Checksum: PlaceDB: 2c9c5c70 ConstDB: 0 ShapeSum: 654b8164 RouteDB: 0
Post Restoration Checksum: NetGraph: 168e3cfd NumContArr: 978b932 Constraints: 0 Timing: 0
Phase 1 Build RT Design | Checksum: 2006f62f

Time (s): cpu = 00:00:57 ; elapsed = 00:00:50 . Memory (MB): peak = 1930.648 ; gain = 93.988

Phase 2 Router Initialization
INFO: [Route 35-64] No timing constraints were detected. The router will operate in resource-optimization mode.

Phase 2.1 Fix Topology Constraints
Phase 2.1 Fix Topology Constraints | Checksum: 2006f62f

Time (s): cpu = 00:00:57 ; elapsed = 00:00:50 . Memory (MB): peak = 1937.258 ; gain = 100.598

Phase 2.2 Pre Route Cleanup
Phase 2.2 Pre Route Cleanup | Checksum: 2006f62f

Time (s): cpu = 00:00:57 ; elapsed = 00:00:50 . Memory (MB): peak = 1937.258 ; gain = 100.598
 Number of Nodes with overlaps = 0

Router Utilization Summary
  Global Vertical Routing Utilization    = 0 %
  Global Horizontal Routing Utilization  = 0 %
  Routable Net Status*
  *Does not include unroutable nets such as driverless and loadless.
  Run report_route_status for detailed report.
  Number of Failed Nets               = 4554
    (Failed Nets is the sum of unrouted and partially routed nets)
  Number of Unrouted Nets             = 4554
  Number of Partially Routed Nets     = 0
  Number of Node Overlaps             = 0

Phase 2 Router Initialization | Checksum: ed58d984

Time (s): cpu = 00:00:59 ; elapsed = 00:00:52 . Memory (MB): peak = 1971.625 ; gain = 134.965

Phase 3 Initial Routing

Phase 3.1 Global Routing
Phase 3.1 Global Routing | Checksum: ed58d984

Time (s): cpu = 00:00:59 ; elapsed = 00:00:52 . Memory (MB): peak = 1971.625 ; gain = 134.965
Phase 3 Initial Routing | Checksum: 17eb4be76

Time (s): cpu = 00:01:00 ; elapsed = 00:00:52 . Memory (MB): peak = 1971.625 ; gain = 134.965

Phase 4 Rip-up And Reroute

Phase 4.1 Global Iteration 0
 Number of Nodes with overlaps = 155
 Number of Nodes with overlaps = 0
Phase 4.1 Global Iteration 0 | Checksum: 115cbb2ed

Time (s): cpu = 00:01:01 ; elapsed = 00:00:53 . Memory (MB): peak = 1971.625 ; gain = 134.965
Phase 4 Rip-up And Reroute | Checksum: 115cbb2ed

Time (s): cpu = 00:01:01 ; elapsed = 00:00:53 . Memory (MB): peak = 1971.625 ; gain = 134.965

Phase 5 Delay and Skew Optimization
Phase 5 Delay and Skew Optimization | Checksum: 115cbb2ed

Time (s): cpu = 00:01:01 ; elapsed = 00:00:53 . Memory (MB): peak = 1971.625 ; gain = 134.965

Phase 6 Post Hold Fix

Phase 6.1 Hold Fix Iter
Phase 6.1 Hold Fix Iter | Checksum: 115cbb2ed

Time (s): cpu = 00:01:01 ; elapsed = 00:00:53 . Memory (MB): peak = 1971.625 ; gain = 134.965
Phase 6 Post Hold Fix | Checksum: 115cbb2ed

Time (s): cpu = 00:01:01 ; elapsed = 00:00:53 . Memory (MB): peak = 1971.625 ; gain = 134.965

Phase 7 Route finalize

Router Utilization Summary
  Global Vertical Routing Utilization    = 0.83351 %
  Global Horizontal Routing Utilization  = 0.890138 %
  Routable Net Status*
  *Does not include unroutable nets such as driverless and loadless.
  Run report_route_status for detailed report.
  Number of Failed Nets               = 0
    (Failed Nets is the sum of unrouted and partially routed nets)
  Number of Unrouted Nets             = 0
  Number of Partially Routed Nets     = 0
  Number of Node Overlaps             = 0

Congestion Report
North Dir 1x1 Area, Max Cong = 36.036%, No Congested Regions.
South Dir 1x1 Area, Max Cong = 37.8378%, No Congested Regions.
East Dir 1x1 Area, Max Cong = 35.2941%, No Congested Regions.
West Dir 1x1 Area, Max Cong = 54.4118%, No Congested Regions.

------------------------------
Reporting congestion hotspots
------------------------------
Direction: North
----------------
Congested clusters found at Level 0
Effective congestion level: 0 Aspect Ratio: 1 Sparse Ratio: 0
Direction: South
----------------
Congested clusters found at Level 0
Effective congestion level: 0 Aspect Ratio: 1 Sparse Ratio: 0
Direction: East
----------------
Congested clusters found at Level 0
Effective congestion level: 0 Aspect Ratio: 1 Sparse Ratio: 0
Direction: West
----------------
Congested clusters found at Level 0
Effective congestion level: 0 Aspect Ratio: 1 Sparse Ratio: 0

Phase 7 Route finalize | Checksum: 115cbb2ed

Time (s): cpu = 00:01:01 ; elapsed = 00:00:53 . Memory (MB): peak = 1971.625 ; gain = 134.965

Phase 8 Verifying routed nets

 Verification completed successfully
Phase 8 Verifying routed nets | Checksum: 115cbb2ed

Time (s): cpu = 00:01:01 ; elapsed = 00:00:53 . Memory (MB): peak = 1971.625 ; gain = 134.965

Phase 9 Depositing Routes
Phase 9 Depositing Routes | Checksum: 502bf5ef

Time (s): cpu = 00:01:02 ; elapsed = 00:00:54 . Memory (MB): peak = 1971.625 ; gain = 134.965
INFO: [Route 35-16] Router Completed Successfully

Time (s): cpu = 00:01:02 ; elapsed = 00:00:54 . Memory (MB): peak = 1971.625 ; gain = 134.965

Routing Is Done.
INFO: [Common 17-83] Releasing license: Implementation
55 Infos, 1 Warnings, 0 Critical Warnings and 0 Errors encountered.
route_design completed successfully
route_design: Time (s): cpu = 00:01:06 ; elapsed = 00:00:56 . Memory (MB): peak = 1971.625 ; gain = 144.078
Writing XDEF routing.
Writing XDEF routing logical nets.
Writing XDEF routing special nets.
Write XDEF Complete: Time (s): cpu = 00:00:02 ; elapsed = 00:00:00.886 . Memory (MB): peak = 1971.625 ; gain = 0.000
INFO: [Common 17-1381] The checkpoint 'C:/Users/sarth/Documents/IHI_proj/The_DES/The_DES.runs/impl_1/The_DES_routed.dcp' has been generated.
INFO: [runtcl-4] Executing : report_drc -file The_DES_drc_routed.rpt -pb The_DES_drc_routed.pb -rpx The_DES_drc_routed.rpx
Command: report_drc -file The_DES_drc_routed.rpt -pb The_DES_drc_routed.pb -rpx The_DES_drc_routed.rpx
INFO: [IP_Flow 19-1839] IP Catalog is up to date.
INFO: [DRC 23-27] Running DRC with 2 threads
INFO: [Vivado_Tcl 2-168] The results of DRC are in file C:/Users/sarth/Documents/IHI_proj/The_DES/The_DES.runs/impl_1/The_DES_drc_routed.rpt.
report_drc completed successfully
INFO: [runtcl-4] Executing : report_methodology -file The_DES_methodology_drc_routed.rpt -pb The_DES_methodology_drc_routed.pb -rpx The_DES_methodology_drc_routed.rpx
Command: report_methodology -file The_DES_methodology_drc_routed.rpt -pb The_DES_methodology_drc_routed.pb -rpx The_DES_methodology_drc_routed.rpx
INFO: [Timing 38-35] Done setting XDC timing constraints.
INFO: [DRC 23-133] Running Methodology with 2 threads
INFO: [Vivado_Tcl 2-1520] The results of Report Methodology are in file C:/Users/sarth/Documents/IHI_proj/The_DES/The_DES.runs/impl_1/The_DES_methodology_drc_routed.rpt.
report_methodology completed successfully
INFO: [runtcl-4] Executing : report_power -file The_DES_power_routed.rpt -pb The_DES_power_summary_routed.pb -rpx The_DES_power_routed.rpx
Command: report_power -file The_DES_power_routed.rpt -pb The_DES_power_summary_routed.pb -rpx The_DES_power_routed.rpx
INFO: [Timing 38-35] Done setting XDC timing constraints.
WARNING: [Power 33-232] No user defined clocks were found in the design! Power estimation will be inaccurate until this is corrected.
Resolution: Please specify clocks using create_clock/create_generated_clock for sequential elements. For pure combinatorial circuits, please specify a virtual clock, otherwise the vectorless estimation might be inaccurate
Running Vector-less Activity Propagation...

Finished Running Vector-less Activity Propagation
66 Infos, 2 Warnings, 0 Critical Warnings and 0 Errors encountered.
report_power completed successfully
INFO: [runtcl-4] Executing : report_route_status -file The_DES_route_status.rpt -pb The_DES_route_status.pb
INFO: [runtcl-4] Executing : report_timing_summary -max_paths 10 -report_unconstrained -file The_DES_timing_summary_routed.rpt -pb The_DES_timing_summary_routed.pb -rpx The_DES_timing_summary_routed.rpx -warn_on_violation 
INFO: [Timing 38-91] UpdateTimingParams: Speed grade: -2, Delay Type: min_max.
INFO: [Timing 38-191] Multithreading enabled for timing update using a maximum of 2 CPUs
WARNING: [Timing 38-313] There are no user specified timing constraints. Timing constraints are needed for proper timing analysis.
INFO: [runtcl-4] Executing : report_incremental_reuse -file The_DES_incremental_reuse_routed.rpt
INFO: [Vivado_Tcl 4-1062] Incremental flow is disabled. No incremental reuse Info to report.
INFO: [runtcl-4] Executing : report_clock_utilization -file The_DES_clock_utilization_routed.rpt
INFO: [runtcl-4] Executing : report_bus_skew -warn_on_violation -file The_DES_bus_skew_routed.rpt -pb The_DES_bus_skew_routed.pb -rpx The_DES_bus_skew_routed.rpx
INFO: [Timing 38-91] UpdateTimingParams: Speed grade: -2, Delay Type: min_max.
INFO: [Timing 38-191] Multithreading enabled for timing update using a maximum of 2 CPUs
INFO: [Common 17-206] Exiting Vivado at Tue Apr 22 09:43:03 2025...
