
*** Running vivado
    with args -log The_DES.vds -m64 -product Vivado -mode batch -messageDb vivado.pb -notrace -source The_DES.tcl



****** Vivado v2022.2 (64-bit)
  **** SW Build 3671981 on Fri Oct 14 05:00:03 MDT 2022
  **** IP Build 3669848 on Fri Oct 14 08:30:02 MDT 2022
    ** Copyright 1986-2022 Xilinx, Inc. All Rights Reserved.

source The_DES.tcl -notrace
create_project: Time (s): cpu = 00:00:05 ; elapsed = 00:00:05 . Memory (MB): peak = 431.102 ; gain = 104.004
Command: read_checkpoint -auto_incremental -incremental C:/Users/sarth/Documents/IHI_proj/The_DES/The_DES.srcs/utils_1/imports/synth_1/Initial_Permutation.dcp
INFO: [Vivado 12-5825] Read reference checkpoint from C:/Users/sarth/Documents/IHI_proj/The_DES/The_DES.srcs/utils_1/imports/synth_1/Initial_Permutation.dcp for incremental synthesis
INFO: [Vivado 12-7989] Please ensure there are no constraint changes
Command: synth_design -top The_DES -part xc7s100fgga676-2
Starting synth_design
Attempting to get a license for feature 'Synthesis' and/or device 'xc7s100'
INFO: [Common 17-349] Got license for feature 'Synthesis' and/or device 'xc7s100'
INFO: [Designutils 20-5440] No compile time benefit to using incremental synthesis; A full resynthesis will be run
INFO: [Designutils 20-4379] Flow is switching to default flow due to incremental criteria not met. If you would like to alter this behaviour and have the flow terminate instead, please set the following parameter config_implementation {autoIncr.Synth.RejectBehavior Terminate}
INFO: [Synth 8-7079] Multithreading enabled for synth_design using a maximum of 2 processes.
INFO: [Synth 8-7078] Launching helper process for spawning children vivado processes
INFO: [Synth 8-7075] Helper process launched with PID 9120
INFO: [Synth 8-11241] undeclared symbol 'REGCCE', assumed default net type 'wire' [C:/Xilinx/Vivado/2022.2/data/verilog/src/unimacro/BRAM_SINGLE_MACRO.v:2170]
---------------------------------------------------------------------------------
Starting Synthesize : Time (s): cpu = 00:00:04 ; elapsed = 00:00:04 . Memory (MB): peak = 869.773 ; gain = 404.363
---------------------------------------------------------------------------------
INFO: [Synth 8-6157] synthesizing module 'The_DES' [C:/Users/sarth/Documents/IHI_proj/The_DES/The_DES.srcs/sources_1/new/The_DES.v:2]
INFO: [Synth 8-6157] synthesizing module 'Initial_Permutation' [C:/Users/sarth/Documents/IHI_proj/The_DES/The_DES.srcs/sources_1/new/Initial_Permutation.v:2]
INFO: [Synth 8-6155] done synthesizing module 'Initial_Permutation' (0#1) [C:/Users/sarth/Documents/IHI_proj/The_DES/The_DES.srcs/sources_1/new/Initial_Permutation.v:2]
INFO: [Synth 8-6157] synthesizing module 'Permuted_Choice_1' [C:/Users/sarth/Documents/IHI_proj/The_DES/The_DES.srcs/sources_1/new/Permuted_Choice_1.v:2]
INFO: [Synth 8-6155] done synthesizing module 'Permuted_Choice_1' (0#1) [C:/Users/sarth/Documents/IHI_proj/The_DES/The_DES.srcs/sources_1/new/Permuted_Choice_1.v:2]
INFO: [Synth 8-6157] synthesizing module 'Subkey_Gen' [C:/Users/sarth/Documents/IHI_proj/The_DES/The_DES.srcs/sources_1/new/Subkey_Gen.v:2]
INFO: [Synth 8-6157] synthesizing module 'Permuted_Choice_2' [C:/Users/sarth/Documents/IHI_proj/The_DES/The_DES.srcs/sources_1/new/Permuted_Choice_2.v:2]
INFO: [Synth 8-6155] done synthesizing module 'Permuted_Choice_2' (0#1) [C:/Users/sarth/Documents/IHI_proj/The_DES/The_DES.srcs/sources_1/new/Permuted_Choice_2.v:2]
INFO: [Synth 8-6155] done synthesizing module 'Subkey_Gen' (0#1) [C:/Users/sarth/Documents/IHI_proj/The_DES/The_DES.srcs/sources_1/new/Subkey_Gen.v:2]
INFO: [Synth 8-6157] synthesizing module 'Round' [C:/Users/sarth/Documents/IHI_proj/The_DES/The_DES.srcs/sources_1/new/Round.v:2]
INFO: [Synth 8-6157] synthesizing module 'Expansion_Permutation' [C:/Users/sarth/Documents/IHI_proj/The_DES/The_DES.srcs/sources_1/new/Expansion_Permutation.v:2]
INFO: [Synth 8-6155] done synthesizing module 'Expansion_Permutation' (0#1) [C:/Users/sarth/Documents/IHI_proj/The_DES/The_DES.srcs/sources_1/new/Expansion_Permutation.v:2]
INFO: [Synth 8-6157] synthesizing module 'XOR_48' [C:/Users/sarth/Documents/IHI_proj/The_DES/The_DES.srcs/sources_1/new/XOR_48.v:2]
INFO: [Synth 8-6155] done synthesizing module 'XOR_48' (0#1) [C:/Users/sarth/Documents/IHI_proj/The_DES/The_DES.srcs/sources_1/new/XOR_48.v:2]
INFO: [Synth 8-6157] synthesizing module 'S_Box' [C:/Users/sarth/Documents/IHI_proj/The_DES/The_DES.srcs/sources_1/new/S_Box.v:2]
INFO: [Synth 8-6157] synthesizing module 'Box_S1' [C:/Users/sarth/Documents/IHI_proj/The_DES/The_DES.srcs/sources_1/new/Box_S1.v:2]
INFO: [Synth 8-6155] done synthesizing module 'Box_S1' (0#1) [C:/Users/sarth/Documents/IHI_proj/The_DES/The_DES.srcs/sources_1/new/Box_S1.v:2]
INFO: [Synth 8-6157] synthesizing module 'Box_S2' [C:/Users/sarth/Documents/IHI_proj/The_DES/The_DES.srcs/sources_1/new/Box_S2.v:2]
INFO: [Synth 8-6155] done synthesizing module 'Box_S2' (0#1) [C:/Users/sarth/Documents/IHI_proj/The_DES/The_DES.srcs/sources_1/new/Box_S2.v:2]
INFO: [Synth 8-6157] synthesizing module 'Box_S3' [C:/Users/sarth/Documents/IHI_proj/The_DES/The_DES.srcs/sources_1/new/Box_S3.v:2]
INFO: [Synth 8-6155] done synthesizing module 'Box_S3' (0#1) [C:/Users/sarth/Documents/IHI_proj/The_DES/The_DES.srcs/sources_1/new/Box_S3.v:2]
INFO: [Synth 8-6157] synthesizing module 'Box_S4' [C:/Users/sarth/Documents/IHI_proj/The_DES/The_DES.srcs/sources_1/new/Box_S4.v:2]
INFO: [Synth 8-6155] done synthesizing module 'Box_S4' (0#1) [C:/Users/sarth/Documents/IHI_proj/The_DES/The_DES.srcs/sources_1/new/Box_S4.v:2]
INFO: [Synth 8-6157] synthesizing module 'Box_S5' [C:/Users/sarth/Documents/IHI_proj/The_DES/The_DES.srcs/sources_1/new/Box_S5.v:2]
INFO: [Synth 8-6155] done synthesizing module 'Box_S5' (0#1) [C:/Users/sarth/Documents/IHI_proj/The_DES/The_DES.srcs/sources_1/new/Box_S5.v:2]
INFO: [Synth 8-6157] synthesizing module 'Box_S6' [C:/Users/sarth/Documents/IHI_proj/The_DES/The_DES.srcs/sources_1/new/Box_S6.v:2]
INFO: [Synth 8-6155] done synthesizing module 'Box_S6' (0#1) [C:/Users/sarth/Documents/IHI_proj/The_DES/The_DES.srcs/sources_1/new/Box_S6.v:2]
INFO: [Synth 8-6157] synthesizing module 'Box_S7' [C:/Users/sarth/Documents/IHI_proj/The_DES/The_DES.srcs/sources_1/new/Box_S7.v:2]
INFO: [Synth 8-6155] done synthesizing module 'Box_S7' (0#1) [C:/Users/sarth/Documents/IHI_proj/The_DES/The_DES.srcs/sources_1/new/Box_S7.v:2]
INFO: [Synth 8-6157] synthesizing module 'Box_S8' [C:/Users/sarth/Documents/IHI_proj/The_DES/The_DES.srcs/sources_1/new/Box_S8.v:2]
INFO: [Synth 8-6155] done synthesizing module 'Box_S8' (0#1) [C:/Users/sarth/Documents/IHI_proj/The_DES/The_DES.srcs/sources_1/new/Box_S8.v:2]
INFO: [Synth 8-6155] done synthesizing module 'S_Box' (0#1) [C:/Users/sarth/Documents/IHI_proj/The_DES/The_DES.srcs/sources_1/new/S_Box.v:2]
INFO: [Synth 8-6157] synthesizing module 'Permutation' [C:/Users/sarth/Documents/IHI_proj/The_DES/The_DES.srcs/sources_1/new/Permutation.v:2]
INFO: [Synth 8-6155] done synthesizing module 'Permutation' (0#1) [C:/Users/sarth/Documents/IHI_proj/The_DES/The_DES.srcs/sources_1/new/Permutation.v:2]
INFO: [Synth 8-6157] synthesizing module 'XOR_32' [C:/Users/sarth/Documents/IHI_proj/The_DES/The_DES.srcs/sources_1/new/XOR_32.v:2]
INFO: [Synth 8-6155] done synthesizing module 'XOR_32' (0#1) [C:/Users/sarth/Documents/IHI_proj/The_DES/The_DES.srcs/sources_1/new/XOR_32.v:2]
INFO: [Synth 8-6155] done synthesizing module 'Round' (0#1) [C:/Users/sarth/Documents/IHI_proj/The_DES/The_DES.srcs/sources_1/new/Round.v:2]
INFO: [Synth 8-6157] synthesizing module 'Inverse_IP' [C:/Users/sarth/Documents/IHI_proj/The_DES/The_DES.srcs/sources_1/new/Inverse_IP.v:2]
INFO: [Synth 8-6155] done synthesizing module 'Inverse_IP' (0#1) [C:/Users/sarth/Documents/IHI_proj/The_DES/The_DES.srcs/sources_1/new/Inverse_IP.v:2]
INFO: [Synth 8-6155] done synthesizing module 'The_DES' (0#1) [C:/Users/sarth/Documents/IHI_proj/The_DES/The_DES.srcs/sources_1/new/The_DES.v:2]
WARNING: [Synth 8-7129] Port ip[16] in module Permutation is either unconnected or has no load
WARNING: [Synth 8-7129] Port ip[48] in module Permuted_Choice_2 is either unconnected or has no load
WARNING: [Synth 8-7129] Port ip[39] in module Permuted_Choice_2 is either unconnected or has no load
WARNING: [Synth 8-7129] Port ip[35] in module Permuted_Choice_2 is either unconnected or has no load
WARNING: [Synth 8-7129] Port ip[32] in module Permuted_Choice_2 is either unconnected or has no load
WARNING: [Synth 8-7129] Port ip[22] in module Permuted_Choice_2 is either unconnected or has no load
WARNING: [Synth 8-7129] Port ip[19] in module Permuted_Choice_2 is either unconnected or has no load
WARNING: [Synth 8-7129] Port ip[14] in module Permuted_Choice_2 is either unconnected or has no load
WARNING: [Synth 8-7129] Port ip[3] in module Permuted_Choice_2 is either unconnected or has no load
WARNING: [Synth 8-7129] Port ip[57] in module Permuted_Choice_1 is either unconnected or has no load
WARNING: [Synth 8-7129] Port ip[56] in module Permuted_Choice_1 is either unconnected or has no load
WARNING: [Synth 8-7129] Port ip[49] in module Permuted_Choice_1 is either unconnected or has no load
WARNING: [Synth 8-7129] Port ip[41] in module Permuted_Choice_1 is either unconnected or has no load
WARNING: [Synth 8-7129] Port ip[33] in module Permuted_Choice_1 is either unconnected or has no load
WARNING: [Synth 8-7129] Port ip[25] in module Permuted_Choice_1 is either unconnected or has no load
WARNING: [Synth 8-7129] Port ip[17] in module Permuted_Choice_1 is either unconnected or has no load
WARNING: [Synth 8-7129] Port ip[9] in module Permuted_Choice_1 is either unconnected or has no load
WARNING: [Synth 8-7129] Port ip[1] in module Permuted_Choice_1 is either unconnected or has no load
---------------------------------------------------------------------------------
Finished Synthesize : Time (s): cpu = 00:00:05 ; elapsed = 00:00:05 . Memory (MB): peak = 962.527 ; gain = 497.117
---------------------------------------------------------------------------------
---------------------------------------------------------------------------------
Finished Constraint Validation : Time (s): cpu = 00:00:05 ; elapsed = 00:00:05 . Memory (MB): peak = 962.527 ; gain = 497.117
---------------------------------------------------------------------------------
---------------------------------------------------------------------------------
Start Loading Part and Timing Information
---------------------------------------------------------------------------------
Loading part: xc7s100fgga676-2
---------------------------------------------------------------------------------
Finished Loading Part and Timing Information : Time (s): cpu = 00:00:05 ; elapsed = 00:00:05 . Memory (MB): peak = 962.527 ; gain = 497.117
---------------------------------------------------------------------------------
INFO: [Device 21-403] Loading part xc7s100fgga676-2
---------------------------------------------------------------------------------
Finished RTL Optimization Phase 2 : Time (s): cpu = 00:00:06 ; elapsed = 00:00:06 . Memory (MB): peak = 962.527 ; gain = 497.117
---------------------------------------------------------------------------------
No constraint files found.
---------------------------------------------------------------------------------
Start RTL Component Statistics 
---------------------------------------------------------------------------------
Detailed RTL Component Info : 
+---XORs : 
	   2 Input     48 Bit         XORs := 16    
	   2 Input     32 Bit         XORs := 16    
+---Registers : 
	               64 Bit    Registers := 18    
	               56 Bit    Registers := 33    
	               48 Bit    Registers := 48    
	               32 Bit    Registers := 32    
	                4 Bit    Registers := 128   
+---Muxes : 
	   2 Input   56 Bit        Muxes := 16    
	  19 Input    4 Bit        Muxes := 128   
---------------------------------------------------------------------------------
Finished RTL Component Statistics 
---------------------------------------------------------------------------------
---------------------------------------------------------------------------------
Start Part Resource Summary
---------------------------------------------------------------------------------
Part Resources:
DSPs: 160 (col length:80)
BRAMs: 240 (col length: RAMB18 80 RAMB36 40)
---------------------------------------------------------------------------------
Finished Part Resource Summary
---------------------------------------------------------------------------------
No constraint files found.
---------------------------------------------------------------------------------
Start Cross Boundary and Area Optimization
---------------------------------------------------------------------------------
WARNING: [Synth 8-7080] Parallel synthesis criteria is not met
WARNING: [Synth 8-7129] Port Key[57] in module The_DES is either unconnected or has no load
WARNING: [Synth 8-7129] Port Key[56] in module The_DES is either unconnected or has no load
WARNING: [Synth 8-7129] Port Key[49] in module The_DES is either unconnected or has no load
WARNING: [Synth 8-7129] Port Key[41] in module The_DES is either unconnected or has no load
WARNING: [Synth 8-7129] Port Key[33] in module The_DES is either unconnected or has no load
WARNING: [Synth 8-7129] Port Key[25] in module The_DES is either unconnected or has no load
WARNING: [Synth 8-7129] Port Key[17] in module The_DES is either unconnected or has no load
WARNING: [Synth 8-7129] Port Key[9] in module The_DES is either unconnected or has no load
WARNING: [Synth 8-7129] Port Key[1] in module The_DES is either unconnected or has no load
---------------------------------------------------------------------------------
Finished Cross Boundary and Area Optimization : Time (s): cpu = 00:00:13 ; elapsed = 00:00:14 . Memory (MB): peak = 1154.883 ; gain = 689.473
---------------------------------------------------------------------------------
No constraint files found.
---------------------------------------------------------------------------------
Start Timing Optimization
---------------------------------------------------------------------------------
---------------------------------------------------------------------------------
Finished Timing Optimization : Time (s): cpu = 00:00:13 ; elapsed = 00:00:14 . Memory (MB): peak = 1168.684 ; gain = 703.273
---------------------------------------------------------------------------------
---------------------------------------------------------------------------------
Start Technology Mapping
---------------------------------------------------------------------------------
---------------------------------------------------------------------------------
Finished Technology Mapping : Time (s): cpu = 00:00:14 ; elapsed = 00:00:15 . Memory (MB): peak = 1198.934 ; gain = 733.523
---------------------------------------------------------------------------------
---------------------------------------------------------------------------------
Start IO Insertion
---------------------------------------------------------------------------------
---------------------------------------------------------------------------------
Start Flattening Before IO Insertion
---------------------------------------------------------------------------------
---------------------------------------------------------------------------------
Finished Flattening Before IO Insertion
---------------------------------------------------------------------------------
---------------------------------------------------------------------------------
Start Final Netlist Cleanup
---------------------------------------------------------------------------------
---------------------------------------------------------------------------------
Finished Final Netlist Cleanup
---------------------------------------------------------------------------------
---------------------------------------------------------------------------------
Finished IO Insertion : Time (s): cpu = 00:00:17 ; elapsed = 00:00:18 . Memory (MB): peak = 1212.520 ; gain = 747.109
---------------------------------------------------------------------------------
---------------------------------------------------------------------------------
Start Renaming Generated Instances
---------------------------------------------------------------------------------
---------------------------------------------------------------------------------
Finished Renaming Generated Instances : Time (s): cpu = 00:00:17 ; elapsed = 00:00:18 . Memory (MB): peak = 1212.520 ; gain = 747.109
---------------------------------------------------------------------------------
---------------------------------------------------------------------------------
Start Rebuilding User Hierarchy
---------------------------------------------------------------------------------
---------------------------------------------------------------------------------
Finished Rebuilding User Hierarchy : Time (s): cpu = 00:00:17 ; elapsed = 00:00:19 . Memory (MB): peak = 1212.520 ; gain = 747.109
---------------------------------------------------------------------------------
---------------------------------------------------------------------------------
Start Renaming Generated Ports
---------------------------------------------------------------------------------
---------------------------------------------------------------------------------
Finished Renaming Generated Ports : Time (s): cpu = 00:00:17 ; elapsed = 00:00:19 . Memory (MB): peak = 1212.520 ; gain = 747.109
---------------------------------------------------------------------------------
---------------------------------------------------------------------------------
Start Handling Custom Attributes
---------------------------------------------------------------------------------
---------------------------------------------------------------------------------
Finished Handling Custom Attributes : Time (s): cpu = 00:00:17 ; elapsed = 00:00:19 . Memory (MB): peak = 1212.520 ; gain = 747.109
---------------------------------------------------------------------------------
---------------------------------------------------------------------------------
Start Renaming Generated Nets
---------------------------------------------------------------------------------
---------------------------------------------------------------------------------
Finished Renaming Generated Nets : Time (s): cpu = 00:00:17 ; elapsed = 00:00:19 . Memory (MB): peak = 1212.520 ; gain = 747.109
---------------------------------------------------------------------------------
---------------------------------------------------------------------------------
Start ROM, RAM, DSP, Shift Register and Retiming Reporting
---------------------------------------------------------------------------------

Static Shift Register Report:
+------------+-----------------+--------+-------+--------------+--------------------+-------------------+--------+---------+
|Module Name | RTL Name        | Length | Width | Reset Signal | Pull out first Reg | Pull out last Reg | SRL16E | SRLC32E | 
+------------+-----------------+--------+-------+--------------+--------------------+-------------------+--------+---------+
|The_DES     | SG2/op_reg[4]   | 5      | 7     | NO           | YES                | YES               | 7      | 0       | 
|The_DES     | R2/op_reg[63]   | 3      | 32    | NO           | NO                 | YES               | 32     | 0       | 
|The_DES     | SG3/op_reg[21]  | 4      | 8     | NO           | NO                 | YES               | 8      | 0       | 
|The_DES     | R3/op_reg[63]   | 3      | 32    | NO           | NO                 | YES               | 32     | 0       | 
|The_DES     | SG4/op_reg[21]  | 4      | 8     | NO           | NO                 | YES               | 8      | 0       | 
|The_DES     | R4/op_reg[63]   | 3      | 32    | NO           | NO                 | YES               | 32     | 0       | 
|The_DES     | SG5/op_reg[24]  | 4      | 7     | NO           | NO                 | YES               | 7      | 0       | 
|The_DES     | R5/op_reg[63]   | 3      | 32    | NO           | NO                 | YES               | 32     | 0       | 
|The_DES     | SG6/op_reg[21]  | 4      | 8     | NO           | NO                 | YES               | 8      | 0       | 
|The_DES     | R6/op_reg[63]   | 3      | 32    | NO           | NO                 | YES               | 32     | 0       | 
|The_DES     | SG7/op_reg[21]  | 4      | 7     | NO           | NO                 | YES               | 7      | 0       | 
|The_DES     | R7/op_reg[63]   | 3      | 32    | NO           | NO                 | YES               | 32     | 0       | 
|The_DES     | SG8/op_reg[21]  | 4      | 8     | NO           | NO                 | YES               | 8      | 0       | 
|The_DES     | R8/op_reg[63]   | 3      | 32    | NO           | NO                 | YES               | 32     | 0       | 
|The_DES     | SG9/op_reg[15]  | 4      | 8     | NO           | NO                 | YES               | 8      | 0       | 
|The_DES     | R9/op_reg[63]   | 3      | 32    | NO           | NO                 | YES               | 32     | 0       | 
|The_DES     | SG10/op_reg[21] | 4      | 8     | NO           | NO                 | YES               | 8      | 0       | 
|The_DES     | R10/op_reg[63]  | 3      | 32    | NO           | NO                 | YES               | 32     | 0       | 
|The_DES     | SG11/op_reg[21] | 4      | 7     | NO           | NO                 | YES               | 7      | 0       | 
|The_DES     | R11/op_reg[63]  | 3      | 32    | NO           | NO                 | YES               | 32     | 0       | 
|The_DES     | SG12/op_reg[21] | 4      | 8     | NO           | NO                 | YES               | 8      | 0       | 
|The_DES     | R12/op_reg[63]  | 3      | 32    | NO           | NO                 | YES               | 32     | 0       | 
|The_DES     | SG13/op_reg[21] | 4      | 8     | NO           | NO                 | YES               | 8      | 0       | 
|The_DES     | R13/op_reg[63]  | 3      | 32    | NO           | NO                 | YES               | 32     | 0       | 
|The_DES     | SG14/op_reg[21] | 4      | 8     | NO           | NO                 | YES               | 8      | 0       | 
|The_DES     | R14/op_reg[63]  | 3      | 32    | NO           | NO                 | YES               | 32     | 0       | 
|The_DES     | SG15/op_reg[21] | 4      | 8     | NO           | NO                 | YES               | 8      | 0       | 
|The_DES     | R15/op_reg[63]  | 3      | 32    | NO           | NO                 | YES               | 32     | 0       | 
|The_DES     | SG16/op_reg[15] | 4      | 8     | NO           | NO                 | YES               | 8      | 0       | 
|The_DES     | R16/op_reg[63]  | 3      | 32    | NO           | NO                 | YES               | 32     | 0       | 
|The_DES     | IIP/op_reg[63]  | 3      | 32    | NO           | NO                 | YES               | 32     | 0       | 
+------------+-----------------+--------+-------+--------------+--------------------+-------------------+--------+---------+

---------------------------------------------------------------------------------
Finished ROM, RAM, DSP, Shift Register and Retiming Reporting
---------------------------------------------------------------------------------
---------------------------------------------------------------------------------
Start Writing Synthesis Report
---------------------------------------------------------------------------------

Report BlackBoxes: 
+-+--------------+----------+
| |BlackBox name |Instances |
+-+--------------+----------+
+-+--------------+----------+

Report Cell Usage: 
+------+-------+------+
|      |Cell   |Count |
+------+-------+------+
|1     |BUFG   |     1|
|2     |LUT2   |  1280|
|3     |LUT6   |   496|
|4     |SRL16E |   628|
|5     |FDRE   |  3867|
|6     |IBUF   |   120|
|7     |OBUF   |   120|
+------+-------+------+

Report Instance Areas: 
+------+---------+--------------------+------+
|      |Instance |Module              |Cells |
+------+---------+--------------------+------+
|1     |top      |                    |  6512|
|2     |  IIP    |Inverse_IP          |    64|
|3     |  IP     |Initial_Permutation |    64|
|4     |  PC1    |Permuted_Choice_1   |    55|
|5     |  R1     |Round               |   285|
|6     |    P1   |Permutation_198     |    31|
|7     |    SB   |S_Box_199           |    31|
|8     |      S1 |Box_S1_202          |     4|
|9     |      S2 |Box_S2_203          |     4|
|10    |      S3 |Box_S3_204          |     4|
|11    |      S4 |Box_S4_205          |     4|
|12    |      S5 |Box_S5_206          |     3|
|13    |      S6 |Box_S6_207          |     4|
|14    |      S7 |Box_S7_208          |     4|
|15    |      S8 |Box_S8_209          |     4|
|16    |    X1   |XOR_48_200          |   127|
|17    |    X2   |XOR_32_201          |    32|
|18    |  R10    |Round_0             |   285|
|19    |    P1   |Permutation_186     |    31|
|20    |    SB   |S_Box_187           |    31|
|21    |      S1 |Box_S1_190          |     4|
|22    |      S2 |Box_S2_191          |     4|
|23    |      S3 |Box_S3_192          |     4|
|24    |      S4 |Box_S4_193          |     4|
|25    |      S5 |Box_S5_194          |     3|
|26    |      S6 |Box_S6_195          |     4|
|27    |      S7 |Box_S7_196          |     4|
|28    |      S8 |Box_S8_197          |     4|
|29    |    X1   |XOR_48_188          |   127|
|30    |    X2   |XOR_32_189          |    32|
|31    |  R11    |Round_1             |   285|
|32    |    P1   |Permutation_174     |    31|
|33    |    SB   |S_Box_175           |    31|
|34    |      S1 |Box_S1_178          |     4|
|35    |      S2 |Box_S2_179          |     4|
|36    |      S3 |Box_S3_180          |     4|
|37    |      S4 |Box_S4_181          |     4|
|38    |      S5 |Box_S5_182          |     3|
|39    |      S6 |Box_S6_183          |     4|
|40    |      S7 |Box_S7_184          |     4|
|41    |      S8 |Box_S8_185          |     4|
|42    |    X1   |XOR_48_176          |   127|
|43    |    X2   |XOR_32_177          |    32|
|44    |  R12    |Round_2             |   285|
|45    |    P1   |Permutation_162     |    31|
|46    |    SB   |S_Box_163           |    31|
|47    |      S1 |Box_S1_166          |     4|
|48    |      S2 |Box_S2_167          |     4|
|49    |      S3 |Box_S3_168          |     4|
|50    |      S4 |Box_S4_169          |     4|
|51    |      S5 |Box_S5_170          |     3|
|52    |      S6 |Box_S6_171          |     4|
|53    |      S7 |Box_S7_172          |     4|
|54    |      S8 |Box_S8_173          |     4|
|55    |    X1   |XOR_48_164          |   127|
|56    |    X2   |XOR_32_165          |    32|
|57    |  R13    |Round_3             |   285|
|58    |    P1   |Permutation_150     |    31|
|59    |    SB   |S_Box_151           |    31|
|60    |      S1 |Box_S1_154          |     4|
|61    |      S2 |Box_S2_155          |     4|
|62    |      S3 |Box_S3_156          |     4|
|63    |      S4 |Box_S4_157          |     4|
|64    |      S5 |Box_S5_158          |     3|
|65    |      S6 |Box_S6_159          |     4|
|66    |      S7 |Box_S7_160          |     4|
|67    |      S8 |Box_S8_161          |     4|
|68    |    X1   |XOR_48_152          |   127|
|69    |    X2   |XOR_32_153          |    32|
|70    |  R14    |Round_4             |   285|
|71    |    P1   |Permutation_138     |    31|
|72    |    SB   |S_Box_139           |    31|
|73    |      S1 |Box_S1_142          |     4|
|74    |      S2 |Box_S2_143          |     4|
|75    |      S3 |Box_S3_144          |     4|
|76    |      S4 |Box_S4_145          |     4|
|77    |      S5 |Box_S5_146          |     3|
|78    |      S6 |Box_S6_147          |     4|
|79    |      S7 |Box_S7_148          |     4|
|80    |      S8 |Box_S8_149          |     4|
|81    |    X1   |XOR_48_140          |   127|
|82    |    X2   |XOR_32_141          |    32|
|83    |  R15    |Round_5             |   285|
|84    |    P1   |Permutation_126     |    31|
|85    |    SB   |S_Box_127           |    31|
|86    |      S1 |Box_S1_130          |     4|
|87    |      S2 |Box_S2_131          |     4|
|88    |      S3 |Box_S3_132          |     4|
|89    |      S4 |Box_S4_133          |     4|
|90    |      S5 |Box_S5_134          |     3|
|91    |      S6 |Box_S6_135          |     4|
|92    |      S7 |Box_S7_136          |     4|
|93    |      S8 |Box_S8_137          |     4|
|94    |    X1   |XOR_48_128          |   127|
|95    |    X2   |XOR_32_129          |    32|
|96    |  R16    |Round_6             |   285|
|97    |    P1   |Permutation_114     |    31|
|98    |    SB   |S_Box_115           |    31|
|99    |      S1 |Box_S1_118          |     4|
|100   |      S2 |Box_S2_119          |     4|
|101   |      S3 |Box_S3_120          |     4|
|102   |      S4 |Box_S4_121          |     4|
|103   |      S5 |Box_S5_122          |     3|
|104   |      S6 |Box_S6_123          |     4|
|105   |      S7 |Box_S7_124          |     4|
|106   |      S8 |Box_S8_125          |     4|
|107   |    X1   |XOR_48_116          |   127|
|108   |    X2   |XOR_32_117          |    32|
|109   |  R2     |Round_7             |   285|
|110   |    P1   |Permutation_102     |    31|
|111   |    SB   |S_Box_103           |    31|
|112   |      S1 |Box_S1_106          |     4|
|113   |      S2 |Box_S2_107          |     4|
|114   |      S3 |Box_S3_108          |     4|
|115   |      S4 |Box_S4_109          |     4|
|116   |      S5 |Box_S5_110          |     3|
|117   |      S6 |Box_S6_111          |     4|
|118   |      S7 |Box_S7_112          |     4|
|119   |      S8 |Box_S8_113          |     4|
|120   |    X1   |XOR_48_104          |   127|
|121   |    X2   |XOR_32_105          |    32|
|122   |  R3     |Round_8             |   285|
|123   |    P1   |Permutation_90      |    31|
|124   |    SB   |S_Box_91            |    31|
|125   |      S1 |Box_S1_94           |     4|
|126   |      S2 |Box_S2_95           |     4|
|127   |      S3 |Box_S3_96           |     4|
|128   |      S4 |Box_S4_97           |     4|
|129   |      S5 |Box_S5_98           |     3|
|130   |      S6 |Box_S6_99           |     4|
|131   |      S7 |Box_S7_100          |     4|
|132   |      S8 |Box_S8_101          |     4|
|133   |    X1   |XOR_48_92           |   127|
|134   |    X2   |XOR_32_93           |    32|
|135   |  R4     |Round_9             |   285|
|136   |    P1   |Permutation_78      |    31|
|137   |    SB   |S_Box_79            |    31|
|138   |      S1 |Box_S1_82           |     4|
|139   |      S2 |Box_S2_83           |     4|
|140   |      S3 |Box_S3_84           |     4|
|141   |      S4 |Box_S4_85           |     4|
|142   |      S5 |Box_S5_86           |     3|
|143   |      S6 |Box_S6_87           |     4|
|144   |      S7 |Box_S7_88           |     4|
|145   |      S8 |Box_S8_89           |     4|
|146   |    X1   |XOR_48_80           |   127|
|147   |    X2   |XOR_32_81           |    32|
|148   |  R5     |Round_10            |   285|
|149   |    P1   |Permutation_66      |    31|
|150   |    SB   |S_Box_67            |    31|
|151   |      S1 |Box_S1_70           |     4|
|152   |      S2 |Box_S2_71           |     4|
|153   |      S3 |Box_S3_72           |     4|
|154   |      S4 |Box_S4_73           |     4|
|155   |      S5 |Box_S5_74           |     3|
|156   |      S6 |Box_S6_75           |     4|
|157   |      S7 |Box_S7_76           |     4|
|158   |      S8 |Box_S8_77           |     4|
|159   |    X1   |XOR_48_68           |   127|
|160   |    X2   |XOR_32_69           |    32|
|161   |  R6     |Round_11            |   285|
|162   |    P1   |Permutation_54      |    31|
|163   |    SB   |S_Box_55            |    31|
|164   |      S1 |Box_S1_58           |     4|
|165   |      S2 |Box_S2_59           |     4|
|166   |      S3 |Box_S3_60           |     4|
|167   |      S4 |Box_S4_61           |     4|
|168   |      S5 |Box_S5_62           |     3|
|169   |      S6 |Box_S6_63           |     4|
|170   |      S7 |Box_S7_64           |     4|
|171   |      S8 |Box_S8_65           |     4|
|172   |    X1   |XOR_48_56           |   127|
|173   |    X2   |XOR_32_57           |    32|
|174   |  R7     |Round_12            |   285|
|175   |    P1   |Permutation_42      |    31|
|176   |    SB   |S_Box_43            |    31|
|177   |      S1 |Box_S1_46           |     4|
|178   |      S2 |Box_S2_47           |     4|
|179   |      S3 |Box_S3_48           |     4|
|180   |      S4 |Box_S4_49           |     4|
|181   |      S5 |Box_S5_50           |     3|
|182   |      S6 |Box_S6_51           |     4|
|183   |      S7 |Box_S7_52           |     4|
|184   |      S8 |Box_S8_53           |     4|
|185   |    X1   |XOR_48_44           |   127|
|186   |    X2   |XOR_32_45           |    32|
|187   |  R8     |Round_13            |   285|
|188   |    P1   |Permutation_30      |    31|
|189   |    SB   |S_Box_31            |    31|
|190   |      S1 |Box_S1_34           |     4|
|191   |      S2 |Box_S2_35           |     4|
|192   |      S3 |Box_S3_36           |     4|
|193   |      S4 |Box_S4_37           |     4|
|194   |      S5 |Box_S5_38           |     3|
|195   |      S6 |Box_S6_39           |     4|
|196   |      S7 |Box_S7_40           |     4|
|197   |      S8 |Box_S8_41           |     4|
|198   |    X1   |XOR_48_32           |   127|
|199   |    X2   |XOR_32_33           |    32|
|200   |  R9     |Round_14            |   285|
|201   |    P1   |Permutation         |    31|
|202   |    SB   |S_Box               |    31|
|203   |      S1 |Box_S1              |     4|
|204   |      S2 |Box_S2              |     4|
|205   |      S3 |Box_S3              |     4|
|206   |      S4 |Box_S4              |     4|
|207   |      S5 |Box_S5              |     3|
|208   |      S6 |Box_S6              |     4|
|209   |      S7 |Box_S7              |     4|
|210   |      S8 |Box_S8              |     4|
|211   |    X1   |XOR_48              |   127|
|212   |    X2   |XOR_32              |    32|
|213   |  SG1    |Subkey_Gen          |    96|
|214   |  SG10   |Subkey_Gen_15       |    96|
|215   |  SG11   |Subkey_Gen_16       |    94|
|216   |  SG12   |Subkey_Gen_17       |    94|
|217   |  SG13   |Subkey_Gen_18       |    94|
|218   |  SG14   |Subkey_Gen_19       |    94|
|219   |  SG15   |Subkey_Gen_20       |    94|
|220   |  SG16   |Subkey_Gen_21       |   110|
|221   |  SG2    |Subkey_Gen_22       |    94|
|222   |  SG3    |Subkey_Gen_23       |    94|
|223   |  SG4    |Subkey_Gen_24       |    96|
|224   |  SG5    |Subkey_Gen_25       |    94|
|225   |  SG6    |Subkey_Gen_26       |    96|
|226   |  SG7    |Subkey_Gen_27       |    94|
|227   |  SG8    |Subkey_Gen_28       |    94|
|228   |  SG9    |Subkey_Gen_29       |    94|
+------+---------+--------------------+------+
---------------------------------------------------------------------------------
Finished Writing Synthesis Report : Time (s): cpu = 00:00:17 ; elapsed = 00:00:19 . Memory (MB): peak = 1212.520 ; gain = 747.109
---------------------------------------------------------------------------------
Synthesis finished with 0 errors, 0 critical warnings and 28 warnings.
Synthesis Optimization Runtime : Time (s): cpu = 00:00:17 ; elapsed = 00:00:19 . Memory (MB): peak = 1212.520 ; gain = 747.109
Synthesis Optimization Complete : Time (s): cpu = 00:00:17 ; elapsed = 00:00:19 . Memory (MB): peak = 1212.520 ; gain = 747.109
INFO: [Project 1-571] Translating synthesized netlist
Netlist sorting complete. Time (s): cpu = 00:00:01 ; elapsed = 00:00:00.059 . Memory (MB): peak = 1224.566 ; gain = 0.000
INFO: [Project 1-570] Preparing netlist for logic optimization
INFO: [Opt 31-138] Pushed 0 inverter(s) to 0 load pin(s).
Netlist sorting complete. Time (s): cpu = 00:00:00 ; elapsed = 00:00:00.001 . Memory (MB): peak = 1284.227 ; gain = 0.000
INFO: [Project 1-111] Unisim Transformation Summary:
No Unisim elements were transformed.

Synth Design complete, checksum: 57226153
INFO: [Common 17-83] Releasing license: Synthesis
55 Infos, 28 Warnings, 0 Critical Warnings and 0 Errors encountered.
synth_design completed successfully
synth_design: Time (s): cpu = 00:00:19 ; elapsed = 00:00:21 . Memory (MB): peak = 1284.227 ; gain = 828.277
INFO: [Common 17-1381] The checkpoint 'C:/Users/sarth/Documents/IHI_proj/The_DES/The_DES.runs/synth_1/The_DES.dcp' has been generated.
INFO: [runtcl-4] Executing : report_utilization -file The_DES_utilization_synth.rpt -pb The_DES_utilization_synth.pb
INFO: [Common 17-206] Exiting Vivado at Mon Apr 21 10:29:22 2025...
